# JRE version: OpenJDK Runtime Environment Microsoft-8035246 (17.0.8+7) (build 17.0.8+7-LTS)
# Java VM: OpenJDK 64-Bit Server VM Microsoft-8035246 (17.0.8+7-LTS, mixed mode, sharing, tiered, compressed oops, compressed class ptrs, g1 gc, windows-amd64)
GC Precious Log:
 CPUs: 8 total, 8 available
 Memory: 8071M
 Large Page Support: Disabled
 NUMA Support: Disabled
 Compressed Oops: Enabled (32-bit)
 Heap Region Size: 1M
 Heap Min Capacity: 8M
 Heap Initial Capacity: 128M
 Heap Max Capacity: 2G
 Pre-touch: Disabled
 Parallel Workers: 8
 Concurrent Workers: 2
 Concurrent Refinement Workers: 8
 Periodic GC: Disabled
Heap:
 garbage-first heap   total 286720K, used 195438K [0x0000000080000000, 0x0000000100000000)
  region size 1024K, 15 young (15360K), 5 survivors (5120K)
 Metaspace       used 99155K, committed 100160K, reserved 557056K
  class space    used 13941K, committed 14400K, reserved 425984K
GC Heap History (20 events):
Event: 23.341 GC heap before
{Heap before GC invocations=40 (full 0):
 garbage-first heap   total 286720K, used 225418K [0x0000000080000000, 0x0000000100000000)
  region size 1024K, 138 young (141312K), 3 survivors (3072K)
 Metaspace       used 79595K, committed 80384K, reserved 557056K
  class space    used 11135K, committed 11520K, reserved 425984K
}
Event: 23.348 GC heap after
{Heap after GC invocations=41 (full 0):
 garbage-first heap   total 286720K, used 94904K [0x0000000080000000, 0x0000000100000000)
  region size 1024K, 10 young (10240K), 10 survivors (10240K)
 Metaspace       used 79595K, committed 80384K, reserved 557056K
  class space    used 11135K, committed 11520K, reserved 425984K
}
Event: 23.389 GC heap before
{Heap before GC invocations=41 (full 0):
 garbage-first heap   total 286720K, used 99000K [0x0000000080000000, 0x0000000100000000)
  region size 1024K, 14 young (14336K), 10 survivors (10240K)
 Metaspace       used 79837K, committed 80576K, reserved 557056K
  class space    used 11155K, committed 11520K, reserved 425984K
}
Event: 23.396 GC heap after
{Heap after GC invocations=42 (full 0):
 garbage-first heap   total 286720K, used 96191K [0x0000000080000000, 0x0000000100000000)
  region size 1024K, 2 young (2048K), 2 survivors (2048K)
 Metaspace       used 79837K, committed 80576K, reserved 557056K
  class space    used 11155K, committed 11520K, reserved 425984K
}
Event: 24.590 GC heap before
{Heap before GC invocations=42 (full 0):
 garbage-first heap   total 286720K, used 225215K [0x0000000080000000, 0x0000000100000000)
  region size 1024K, 128 young (131072K), 2 survivors (2048K)
 Metaspace       used 86679K, committed 87488K, reserved 557056K
  class space    used 12261K, committed 12672K, reserved 425984K
}
Event: 24.598 GC heap after
{Heap after GC invocations=43 (full 0):
 garbage-first heap   total 286720K, used 102769K [0x0000000080000000, 0x0000000100000000)
  region size 1024K, 9 young (9216K), 9 survivors (9216K)
 Metaspace       used 86679K, committed 87488K, reserved 557056K
  class space    used 12261K, committed 12672K, reserved 425984K
}
Event: 26.720 GC heap before
{Heap before GC invocations=43 (full 0):
 garbage-first heap   total 286720K, used 234865K [0x0000000080000000, 0x0000000100000000)
  region size 1024K, 131 young (134144K), 9 survivors (9216K)
 Metaspace       used 89205K, committed 90112K, reserved 557056K
  class space    used 12606K, committed 13056K, reserved 425984K
}
Event: 26.740 GC heap after
{Heap after GC invocations=44 (full 0):
 garbage-first heap   total 286720K, used 138178K [0x0000000080000000, 0x0000000100000000)
  region size 1024K, 17 young (17408K), 17 survivors (17408K)
 Metaspace       used 89205K, committed 90112K, reserved 557056K
  class space    used 12606K, committed 13056K, reserved 425984K
}
Event: 27.736 GC heap before
{Heap before GC invocations=44 (full 0):
 garbage-first heap   total 286720K, used 222146K [0x0000000080000000, 0x0000000100000000)
  region size 1024K, 98 young (100352K), 17 survivors (17408K)
 Metaspace       used 92034K, committed 92992K, reserved 557056K
  class space    used 12984K, committed 13440K, reserved 425984K
}
Event: 27.750 GC heap after
{Heap after GC invocations=45 (full 0):
 garbage-first heap   total 286720K, used 153579K [0x0000000080000000, 0x0000000100000000)
  region size 1024K, 12 young (12288K), 12 survivors (12288K)
 Metaspace       used 92034K, committed 92992K, reserved 557056K
  class space    used 12984K, committed 13440K, reserved 425984K
}
Event: 28.692 GC heap before
{Heap before GC invocations=45 (full 0):
 garbage-first heap   total 286720K, used 227307K [0x0000000080000000, 0x0000000100000000)
  region size 1024K, 84 young (86016K), 12 survivors (12288K)
 Metaspace       used 96717K, committed 97664K, reserved 557056K
  class space    used 13624K, committed 14080K, reserved 425984K
}
Event: 28.704 GC heap after
{Heap after GC invocations=46 (full 0):
 garbage-first heap   total 286720K, used 160585K [0x0000000080000000, 0x0000000100000000)
  region size 1024K, 7 young (7168K), 7 survivors (7168K)
 Metaspace       used 96717K, committed 97664K, reserved 557056K
  class space    used 13624K, committed 14080K, reserved 425984K
}
Event: 29.255 GC heap before
{Heap before GC invocations=46 (full 0):
 garbage-first heap   total 286720K, used 231241K [0x0000000080000000, 0x0000000100000000)
  region size 1024K, 76 young (77824K), 7 survivors (7168K)
 Metaspace       used 97616K, committed 98624K, reserved 557056K
  class space    used 13705K, committed 14144K, reserved 425984K
}
Event: 29.267 GC heap after
{Heap after GC invocations=47 (full 0):
 garbage-first heap   total 286720K, used 169212K [0x0000000080000000, 0x0000000100000000)
  region size 1024K, 8 young (8192K), 8 survivors (8192K)
 Metaspace       used 97616K, committed 98624K, reserved 557056K
  class space    used 13705K, committed 14144K, reserved 425984K
}
Event: 30.090 GC heap before
{Heap before GC invocations=47 (full 0):
 garbage-first heap   total 286720K, used 232700K [0x0000000080000000, 0x0000000100000000)
  region size 1024K, 71 young (72704K), 8 survivors (8192K)
 Metaspace       used 98937K, committed 99968K, reserved 557056K
  class space    used 13937K, committed 14400K, reserved 425984K
}
Event: 30.102 GC heap after
{Heap after GC invocations=48 (full 0):
 garbage-first heap   total 286720K, used 174522K [0x0000000080000000, 0x0000000100000000)
  region size 1024K, 6 young (6144K), 6 survivors (6144K)
 Metaspace       used 98937K, committed 99968K, reserved 557056K
  class space    used 13937K, committed 14400K, reserved 425984K
}
Event: 30.412 GC heap before
{Heap before GC invocations=48 (full 0):
 garbage-first heap   total 286720K, used 235962K [0x0000000080000000, 0x0000000100000000)
  region size 1024K, 67 young (68608K), 6 survivors (6144K)
 Metaspace       used 99095K, committed 100160K, reserved 557056K
  class space    used 13937K, committed 14400K, reserved 425984K
}
Event: 30.420 GC heap after
{Heap after GC invocations=49 (full 0):
 garbage-first heap   total 286720K, used 180240K [0x0000000080000000, 0x0000000100000000)
  region size 1024K, 8 young (8192K), 8 survivors (8192K)
 Metaspace       used 99095K, committed 100160K, reserved 557056K
  class space    used 13937K, committed 14400K, reserved 425984K
}
Event: 30.883 GC heap before
{Heap before GC invocations=49 (full 0):
 garbage-first heap   total 286720K, used 237584K [0x0000000080000000, 0x0000000100000000)
  region size 1024K, 64 young (65536K), 8 survivors (8192K)
 Metaspace       used 99105K, committed 100160K, reserved 557056K
  class space    used 13938K, committed 14400K, reserved 425984K
}
Event: 30.890 GC heap after
{Heap after GC invocations=50 (full 0):
 garbage-first heap   total 286720K, used 183150K [0x0000000080000000, 0x0000000100000000)
  region size 1024K, 5 young (5120K), 5 survivors (5120K)
 Metaspace       used 99105K, committed 100160K, reserved 557056K
  class space    used 13938K, committed 14400K, reserved 425984K
}

