# JRE version: OpenJDK Runtime Environment Microsoft-8035246 (17.0.8+7) (build 17.0.8+7-LTS)
# Java VM: OpenJDK 64-Bit Server VM Microsoft-8035246 (17.0.8+7-LTS, mixed mode, sharing, tiered, compressed oops, compressed class ptrs, g1 gc, windows-amd64)
GC Precious Log:
 CPUs: 8 total, 8 available
 Memory: 8071M
 Large Page Support: Disabled
 NUMA Support: Disabled
 Compressed Oops: Enabled (32-bit)
 Heap Region Size: 1M
 Heap Min Capacity: 8M
 Heap Initial Capacity: 128M
 Heap Max Capacity: 2G
 Pre-touch: Disabled
 Parallel Workers: 8
 Concurrent Workers: 2
 Concurrent Refinement Workers: 8
 Periodic GC: Disabled
Heap:
 garbage-first heap   total 297984K, used 231596K [0x0000000080000000, 0x0000000100000000)
  region size 1024K, 47 young (48128K), 6 survivors (6144K)
 Metaspace       used 99269K, committed 100416K, reserved 557056K
  class space    used 13946K, committed 14464K, reserved 425984K
GC Heap History (20 events):
Event: 19.508 GC heap before
{Heap before GC invocations=40 (full 0):
 garbage-first heap   total 157696K, used 112365K [0x0000000080000000, 0x0000000100000000)
  region size 1024K, 27 young (27648K), 3 survivors (3072K)
 Metaspace       used 73953K, committed 74688K, reserved 491520K
  class space    used 10323K, committed 10688K, reserved 425984K
}
Event: 19.511 GC heap after
{Heap after GC invocations=41 (full 0):
 garbage-first heap   total 157696K, used 88582K [0x0000000080000000, 0x0000000100000000)
  region size 1024K, 4 young (4096K), 4 survivors (4096K)
 Metaspace       used 73953K, committed 74688K, reserved 491520K
  class space    used 10323K, committed 10688K, reserved 425984K
}
Event: 19.546 GC heap before
{Heap before GC invocations=41 (full 0):
 garbage-first heap   total 157696K, used 91654K [0x0000000080000000, 0x0000000100000000)
  region size 1024K, 7 young (7168K), 4 survivors (4096K)
 Metaspace       used 74201K, committed 74944K, reserved 491520K
  class space    used 10344K, committed 10688K, reserved 425984K
}
Event: 19.550 GC heap after
{Heap after GC invocations=42 (full 0):
 garbage-first heap   total 297984K, used 87835K [0x0000000080000000, 0x0000000100000000)
  region size 1024K, 1 young (1024K), 1 survivors (1024K)
 Metaspace       used 74201K, committed 74944K, reserved 491520K
  class space    used 10344K, committed 10688K, reserved 425984K
}
Event: 24.808 GC heap before
{Heap before GC invocations=42 (full 0):
 garbage-first heap   total 297984K, used 227099K [0x0000000080000000, 0x0000000100000000)
  region size 1024K, 136 young (139264K), 1 survivors (1024K)
 Metaspace       used 80899K, committed 81600K, reserved 557056K
  class space    used 11324K, committed 11648K, reserved 425984K
}
Event: 24.814 GC heap after
{Heap after GC invocations=43 (full 0):
 garbage-first heap   total 297984K, used 94995K [0x0000000080000000, 0x0000000100000000)
  region size 1024K, 8 young (8192K), 8 survivors (8192K)
 Metaspace       used 80899K, committed 81600K, reserved 557056K
  class space    used 11324K, committed 11648K, reserved 425984K
}
Event: 26.251 GC heap before
{Heap before GC invocations=43 (full 0):
 garbage-first heap   total 297984K, used 230163K [0x0000000080000000, 0x0000000100000000)
  region size 1024K, 140 young (143360K), 8 survivors (8192K)
 Metaspace       used 87574K, committed 88384K, reserved 557056K
  class space    used 12421K, committed 12800K, reserved 425984K
}
Event: 26.265 GC heap after
{Heap after GC invocations=44 (full 0):
 garbage-first heap   total 297984K, used 106067K [0x0000000080000000, 0x0000000100000000)
  region size 1024K, 18 young (18432K), 18 survivors (18432K)
 Metaspace       used 87574K, committed 88384K, reserved 557056K
  class space    used 12421K, committed 12800K, reserved 425984K
}
Event: 28.592 GC heap before
{Heap before GC invocations=44 (full 0):
 garbage-first heap   total 297984K, used 240211K [0x0000000080000000, 0x0000000100000000)
  region size 1024K, 142 young (145408K), 18 survivors (18432K)
 Metaspace       used 89455K, committed 90432K, reserved 557056K
  class space    used 12627K, committed 13056K, reserved 425984K
}
Event: 28.616 GC heap after
{Heap after GC invocations=45 (full 0):
 garbage-first heap   total 297984K, used 142758K [0x0000000080000000, 0x0000000100000000)
  region size 1024K, 18 young (18432K), 18 survivors (18432K)
 Metaspace       used 89455K, committed 90432K, reserved 557056K
  class space    used 12627K, committed 13056K, reserved 425984K
}
Event: 29.678 GC heap before
{Heap before GC invocations=45 (full 0):
 garbage-first heap   total 297984K, used 231846K [0x0000000080000000, 0x0000000100000000)
  region size 1024K, 104 young (106496K), 18 survivors (18432K)
 Metaspace       used 95369K, committed 96384K, reserved 557056K
  class space    used 13441K, committed 13888K, reserved 425984K
}
Event: 29.691 GC heap after
{Heap after GC invocations=46 (full 0):
 garbage-first heap   total 297984K, used 156672K [0x0000000080000000, 0x0000000100000000)
  region size 1024K, 10 young (10240K), 10 survivors (10240K)
 Metaspace       used 95369K, committed 96384K, reserved 557056K
  class space    used 13441K, committed 13888K, reserved 425984K
}
Event: 30.661 GC heap before
{Heap before GC invocations=46 (full 0):
 garbage-first heap   total 297984K, used 236544K [0x0000000080000000, 0x0000000100000000)
  region size 1024K, 88 young (90112K), 10 survivors (10240K)
 Metaspace       used 97254K, committed 98304K, reserved 557056K
  class space    used 13662K, committed 14144K, reserved 425984K
}
Event: 30.675 GC heap after
{Heap after GC invocations=47 (full 0):
 garbage-first heap   total 297984K, used 165620K [0x0000000080000000, 0x0000000100000000)
  region size 1024K, 9 young (9216K), 9 survivors (9216K)
 Metaspace       used 97254K, committed 98304K, reserved 557056K
  class space    used 13662K, committed 14144K, reserved 425984K
}
Event: 31.317 GC heap before
{Heap before GC invocations=47 (full 0):
 garbage-first heap   total 297984K, used 239348K [0x0000000080000000, 0x0000000100000000)
  region size 1024K, 82 young (83968K), 9 survivors (9216K)
 Metaspace       used 98605K, committed 99712K, reserved 557056K
  class space    used 13884K, committed 14400K, reserved 425984K
}
Event: 31.332 GC heap after
{Heap after GC invocations=48 (full 0):
 garbage-first heap   total 297984K, used 174295K [0x0000000080000000, 0x0000000100000000)
  region size 1024K, 9 young (9216K), 9 survivors (9216K)
 Metaspace       used 98605K, committed 99712K, reserved 557056K
  class space    used 13884K, committed 14400K, reserved 425984K
}
Event: 32.026 GC heap before
{Heap before GC invocations=48 (full 0):
 garbage-first heap   total 297984K, used 241879K [0x0000000080000000, 0x0000000100000000)
  region size 1024K, 76 young (77824K), 9 survivors (9216K)
 Metaspace       used 99064K, committed 100096K, reserved 557056K
  class space    used 13935K, committed 14400K, reserved 425984K
}
Event: 32.037 GC heap after
{Heap after GC invocations=49 (full 0):
 garbage-first heap   total 297984K, used 180423K [0x0000000080000000, 0x0000000100000000)
  region size 1024K, 8 young (8192K), 8 survivors (8192K)
 Metaspace       used 99064K, committed 100096K, reserved 557056K
  class space    used 13935K, committed 14400K, reserved 425984K
}
Event: 32.482 GC heap before
{Heap before GC invocations=49 (full 0):
 garbage-first heap   total 297984K, used 243911K [0x0000000080000000, 0x0000000100000000)
  region size 1024K, 71 young (72704K), 8 survivors (8192K)
 Metaspace       used 99115K, committed 100160K, reserved 557056K
  class space    used 13935K, committed 14400K, reserved 425984K
}
Event: 32.490 GC heap after
{Heap after GC invocations=50 (full 0):
 garbage-first heap   total 297984K, used 183468K [0x0000000080000000, 0x0000000100000000)
  region size 1024K, 6 young (6144K), 6 survivors (6144K)
 Metaspace       used 99115K, committed 100160K, reserved 557056K
  class space    used 13935K, committed 14400K, reserved 425984K
}

